List of Symptoms: 
 for anxiety : 5
 for arrhythmias : 3
 for blindness : 1
 for blurred vision : 5
 for constricted pupils : 3
 for cough : 6
 for covid : 3
 for dialated pupils : 4
 for dizziness : 5
 for dry mouth : 8
 for fever : 7
 for headache : 3
 for high blood pressure : 10
 for inflamation : 7
 for insomnia : 4
 for low blood pressure : 4
 for nausea : 5
 for rapid heart rate : 1
 for rash : 4
 for shortness of breath : 3
 for stiff neck : 4
 for stomach pain : 3
 for tremor : 4
 for water retention : 1
